mode: set
github.com/pusher/faros/pkg/apis/faros/v1alpha1/zz_generated.deepcopy.go:27.49,34.2 6 1
github.com/pusher/faros/pkg/apis/faros/v1alpha1/zz_generated.deepcopy.go:37.42,38.15 1 1
github.com/pusher/faros/pkg/apis/faros/v1alpha1/zz_generated.deepcopy.go:41.2,43.12 3 1
github.com/pusher/faros/pkg/apis/faros/v1alpha1/zz_generated.deepcopy.go:38.15,40.3 1 0
github.com/pusher/faros/pkg/apis/faros/v1alpha1/zz_generated.deepcopy.go:47.53,48.34 1 0
github.com/pusher/faros/pkg/apis/faros/v1alpha1/zz_generated.deepcopy.go:51.2,51.12 1 0
github.com/pusher/faros/pkg/apis/faros/v1alpha1/zz_generated.deepcopy.go:48.34,50.3 1 0
github.com/pusher/faros/pkg/apis/faros/v1alpha1/zz_generated.deepcopy.go:55.57,59.21 4 0
github.com/pusher/faros/pkg/apis/faros/v1alpha1/zz_generated.deepcopy.go:66.2,66.8 1 0
github.com/pusher/faros/pkg/apis/faros/v1alpha1/zz_generated.deepcopy.go:59.21,62.22 3 0
github.com/pusher/faros/pkg/apis/faros/v1alpha1/zz_generated.deepcopy.go:62.22,64.4 1 0
github.com/pusher/faros/pkg/apis/faros/v1alpha1/zz_generated.deepcopy.go:70.50,71.15 1 0
github.com/pusher/faros/pkg/apis/faros/v1alpha1/zz_generated.deepcopy.go:74.2,76.12 3 0
github.com/pusher/faros/pkg/apis/faros/v1alpha1/zz_generated.deepcopy.go:71.15,73.3 1 0
github.com/pusher/faros/pkg/apis/faros/v1alpha1/zz_generated.deepcopy.go:80.57,81.34 1 0
github.com/pusher/faros/pkg/apis/faros/v1alpha1/zz_generated.deepcopy.go:84.2,84.12 1 0
github.com/pusher/faros/pkg/apis/faros/v1alpha1/zz_generated.deepcopy.go:81.34,83.3 1 0
github.com/pusher/faros/pkg/apis/faros/v1alpha1/zz_generated.deepcopy.go:88.57,91.2 2 0
github.com/pusher/faros/pkg/apis/faros/v1alpha1/zz_generated.deepcopy.go:94.50,95.15 1 0
github.com/pusher/faros/pkg/apis/faros/v1alpha1/zz_generated.deepcopy.go:98.2,100.12 3 0
github.com/pusher/faros/pkg/apis/faros/v1alpha1/zz_generated.deepcopy.go:95.15,97.3 1 0
github.com/pusher/faros/pkg/apis/faros/v1alpha1/zz_generated.deepcopy.go:104.61,107.2 2 0
github.com/pusher/faros/pkg/apis/faros/v1alpha1/zz_generated.deepcopy.go:110.54,111.15 1 0
github.com/pusher/faros/pkg/apis/faros/v1alpha1/zz_generated.deepcopy.go:114.2,116.12 3 0
github.com/pusher/faros/pkg/apis/faros/v1alpha1/zz_generated.deepcopy.go:111.15,113.3 1 0
github.com/pusher/faros/pkg/apis/faros/v1alpha1/gittrack_types.go:60.13,62.2 1 1
github.com/pusher/faros/pkg/controller/gittrack/gittrack_controller.go:48.37,50.2 1 0
github.com/pusher/faros/pkg/controller/gittrack/gittrack_controller.go:53.62,55.2 1 1
github.com/pusher/faros/pkg/controller/gittrack/gittrack_controller.go:58.61,61.16 2 1
github.com/pusher/faros/pkg/controller/gittrack/gittrack_controller.go:66.2,67.16 2 1
github.com/pusher/faros/pkg/controller/gittrack/gittrack_controller.go:73.2,77.16 2 1
github.com/pusher/faros/pkg/controller/gittrack/gittrack_controller.go:81.2,81.12 1 1
github.com/pusher/faros/pkg/controller/gittrack/gittrack_controller.go:61.16,63.3 1 0
github.com/pusher/faros/pkg/controller/gittrack/gittrack_controller.go:67.16,69.3 1 0
github.com/pusher/faros/pkg/controller/gittrack/gittrack_controller.go:77.16,79.3 1 0
github.com/pusher/faros/pkg/controller/gittrack/gittrack_controller.go:99.92,103.16 3 1
github.com/pusher/faros/pkg/controller/gittrack/gittrack_controller.go:115.2,137.90 2 1
github.com/pusher/faros/pkg/controller/gittrack/gittrack_controller.go:143.2,145.42 3 1
github.com/pusher/faros/pkg/controller/gittrack/gittrack_controller.go:157.2,157.49 1 1
github.com/pusher/faros/pkg/controller/gittrack/gittrack_controller.go:165.2,165.32 1 0
github.com/pusher/faros/pkg/controller/gittrack/gittrack_controller.go:103.16,104.29 1 0
github.com/pusher/faros/pkg/controller/gittrack/gittrack_controller.go:110.3,110.33 1 0
github.com/pusher/faros/pkg/controller/gittrack/gittrack_controller.go:104.29,108.4 1 0
github.com/pusher/faros/pkg/controller/gittrack/gittrack_controller.go:137.90,139.3 1 0
github.com/pusher/faros/pkg/controller/gittrack/gittrack_controller.go:145.42,148.17 3 1
github.com/pusher/faros/pkg/controller/gittrack/gittrack_controller.go:148.17,150.4 1 0
github.com/pusher/faros/pkg/controller/gittrack/gittrack_controller.go:151.8,151.23 1 0
github.com/pusher/faros/pkg/controller/gittrack/gittrack_controller.go:151.23,153.3 1 0
github.com/pusher/faros/pkg/controller/gittrack/gittrack_controller.go:157.49,161.17 4 1
github.com/pusher/faros/pkg/controller/gittrack/gittrack_controller.go:161.17,163.4 1 1
