mode: set
github.com/pusher/faros/pkg/apis/faros/v1alpha1/zz_generated.deepcopy.go:27.49,34.2 6 1
github.com/pusher/faros/pkg/apis/faros/v1alpha1/zz_generated.deepcopy.go:37.42,38.15 1 1
github.com/pusher/faros/pkg/apis/faros/v1alpha1/zz_generated.deepcopy.go:41.2,43.12 3 1
github.com/pusher/faros/pkg/apis/faros/v1alpha1/zz_generated.deepcopy.go:38.15,40.3 1 0
github.com/pusher/faros/pkg/apis/faros/v1alpha1/zz_generated.deepcopy.go:47.53,48.34 1 0
github.com/pusher/faros/pkg/apis/faros/v1alpha1/zz_generated.deepcopy.go:51.2,51.12 1 0
github.com/pusher/faros/pkg/apis/faros/v1alpha1/zz_generated.deepcopy.go:48.34,50.3 1 0
github.com/pusher/faros/pkg/apis/faros/v1alpha1/zz_generated.deepcopy.go:55.57,59.21 4 0
github.com/pusher/faros/pkg/apis/faros/v1alpha1/zz_generated.deepcopy.go:66.2,66.8 1 0
github.com/pusher/faros/pkg/apis/faros/v1alpha1/zz_generated.deepcopy.go:59.21,62.22 3 0
github.com/pusher/faros/pkg/apis/faros/v1alpha1/zz_generated.deepcopy.go:62.22,64.4 1 0
github.com/pusher/faros/pkg/apis/faros/v1alpha1/zz_generated.deepcopy.go:70.50,71.15 1 0
github.com/pusher/faros/pkg/apis/faros/v1alpha1/zz_generated.deepcopy.go:74.2,76.12 3 0
github.com/pusher/faros/pkg/apis/faros/v1alpha1/zz_generated.deepcopy.go:71.15,73.3 1 0
github.com/pusher/faros/pkg/apis/faros/v1alpha1/zz_generated.deepcopy.go:80.57,81.34 1 0
github.com/pusher/faros/pkg/apis/faros/v1alpha1/zz_generated.deepcopy.go:84.2,84.12 1 0
github.com/pusher/faros/pkg/apis/faros/v1alpha1/zz_generated.deepcopy.go:81.34,83.3 1 0
github.com/pusher/faros/pkg/apis/faros/v1alpha1/zz_generated.deepcopy.go:88.61,95.2 6 1
github.com/pusher/faros/pkg/apis/faros/v1alpha1/zz_generated.deepcopy.go:98.54,99.15 1 1
github.com/pusher/faros/pkg/apis/faros/v1alpha1/zz_generated.deepcopy.go:102.2,104.12 3 1
github.com/pusher/faros/pkg/apis/faros/v1alpha1/zz_generated.deepcopy.go:99.15,101.3 1 0
github.com/pusher/faros/pkg/apis/faros/v1alpha1/zz_generated.deepcopy.go:108.59,109.34 1 0
github.com/pusher/faros/pkg/apis/faros/v1alpha1/zz_generated.deepcopy.go:112.2,112.12 1 0
github.com/pusher/faros/pkg/apis/faros/v1alpha1/zz_generated.deepcopy.go:109.34,111.3 1 0
github.com/pusher/faros/pkg/apis/faros/v1alpha1/zz_generated.deepcopy.go:116.69,120.21 4 0
github.com/pusher/faros/pkg/apis/faros/v1alpha1/zz_generated.deepcopy.go:127.2,127.8 1 0
github.com/pusher/faros/pkg/apis/faros/v1alpha1/zz_generated.deepcopy.go:120.21,123.22 3 0
github.com/pusher/faros/pkg/apis/faros/v1alpha1/zz_generated.deepcopy.go:123.22,125.4 1 0
github.com/pusher/faros/pkg/apis/faros/v1alpha1/zz_generated.deepcopy.go:131.62,132.15 1 0
github.com/pusher/faros/pkg/apis/faros/v1alpha1/zz_generated.deepcopy.go:135.2,137.12 3 0
github.com/pusher/faros/pkg/apis/faros/v1alpha1/zz_generated.deepcopy.go:132.15,134.3 1 0
github.com/pusher/faros/pkg/apis/faros/v1alpha1/zz_generated.deepcopy.go:141.63,142.34 1 0
github.com/pusher/faros/pkg/apis/faros/v1alpha1/zz_generated.deepcopy.go:145.2,145.12 1 0
github.com/pusher/faros/pkg/apis/faros/v1alpha1/zz_generated.deepcopy.go:142.34,144.3 1 0
github.com/pusher/faros/pkg/apis/faros/v1alpha1/zz_generated.deepcopy.go:149.69,152.2 2 0
github.com/pusher/faros/pkg/apis/faros/v1alpha1/zz_generated.deepcopy.go:155.62,156.15 1 0
github.com/pusher/faros/pkg/apis/faros/v1alpha1/zz_generated.deepcopy.go:159.2,161.12 3 0
github.com/pusher/faros/pkg/apis/faros/v1alpha1/zz_generated.deepcopy.go:156.15,158.3 1 0
github.com/pusher/faros/pkg/apis/faros/v1alpha1/zz_generated.deepcopy.go:165.73,168.2 2 0
github.com/pusher/faros/pkg/apis/faros/v1alpha1/zz_generated.deepcopy.go:171.66,172.15 1 0
github.com/pusher/faros/pkg/apis/faros/v1alpha1/zz_generated.deepcopy.go:175.2,177.12 3 0
github.com/pusher/faros/pkg/apis/faros/v1alpha1/zz_generated.deepcopy.go:172.15,174.3 1 0
github.com/pusher/faros/pkg/apis/faros/v1alpha1/zz_generated.deepcopy.go:181.57,184.2 2 0
github.com/pusher/faros/pkg/apis/faros/v1alpha1/zz_generated.deepcopy.go:187.50,188.15 1 0
github.com/pusher/faros/pkg/apis/faros/v1alpha1/zz_generated.deepcopy.go:191.2,193.12 3 0
github.com/pusher/faros/pkg/apis/faros/v1alpha1/zz_generated.deepcopy.go:188.15,190.3 1 0
github.com/pusher/faros/pkg/apis/faros/v1alpha1/zz_generated.deepcopy.go:197.61,200.2 2 0
github.com/pusher/faros/pkg/apis/faros/v1alpha1/zz_generated.deepcopy.go:203.54,204.15 1 0
github.com/pusher/faros/pkg/apis/faros/v1alpha1/zz_generated.deepcopy.go:207.2,209.12 3 0
github.com/pusher/faros/pkg/apis/faros/v1alpha1/zz_generated.deepcopy.go:204.15,206.3 1 0
github.com/pusher/faros/pkg/apis/faros/v1alpha1/gittrack_types.go:60.13,62.2 1 1
github.com/pusher/faros/pkg/apis/faros/v1alpha1/gittrackobject_types.go:60.13,62.2 1 1
github.com/pusher/faros/pkg/controller/gittrack/gittrack_controller.go:48.37,50.2 1 0
github.com/pusher/faros/pkg/controller/gittrack/gittrack_controller.go:53.62,55.2 1 1
github.com/pusher/faros/pkg/controller/gittrack/gittrack_controller.go:58.61,61.16 2 1
github.com/pusher/faros/pkg/controller/gittrack/gittrack_controller.go:66.2,67.16 2 1
github.com/pusher/faros/pkg/controller/gittrack/gittrack_controller.go:73.2,77.16 2 1
github.com/pusher/faros/pkg/controller/gittrack/gittrack_controller.go:81.2,81.12 1 1
github.com/pusher/faros/pkg/controller/gittrack/gittrack_controller.go:61.16,63.3 1 0
github.com/pusher/faros/pkg/controller/gittrack/gittrack_controller.go:67.16,69.3 1 0
github.com/pusher/faros/pkg/controller/gittrack/gittrack_controller.go:77.16,79.3 1 0
github.com/pusher/faros/pkg/controller/gittrack/gittrack_controller.go:99.92,103.16 3 1
github.com/pusher/faros/pkg/controller/gittrack/gittrack_controller.go:115.2,137.90 2 1
github.com/pusher/faros/pkg/controller/gittrack/gittrack_controller.go:143.2,145.42 3 1
github.com/pusher/faros/pkg/controller/gittrack/gittrack_controller.go:157.2,157.49 1 1
github.com/pusher/faros/pkg/controller/gittrack/gittrack_controller.go:165.2,165.32 1 0
github.com/pusher/faros/pkg/controller/gittrack/gittrack_controller.go:103.16,104.29 1 0
github.com/pusher/faros/pkg/controller/gittrack/gittrack_controller.go:110.3,110.33 1 0
github.com/pusher/faros/pkg/controller/gittrack/gittrack_controller.go:104.29,108.4 1 0
github.com/pusher/faros/pkg/controller/gittrack/gittrack_controller.go:137.90,139.3 1 0
github.com/pusher/faros/pkg/controller/gittrack/gittrack_controller.go:145.42,148.17 3 1
github.com/pusher/faros/pkg/controller/gittrack/gittrack_controller.go:148.17,150.4 1 0
github.com/pusher/faros/pkg/controller/gittrack/gittrack_controller.go:151.8,151.23 1 0
github.com/pusher/faros/pkg/controller/gittrack/gittrack_controller.go:151.23,153.3 1 0
github.com/pusher/faros/pkg/controller/gittrack/gittrack_controller.go:157.49,161.17 4 1
github.com/pusher/faros/pkg/controller/gittrack/gittrack_controller.go:161.17,163.4 1 1
github.com/pusher/faros/pkg/controller/gittrackobject/gittrackobject_controller.go:48.37,50.2 1 0
github.com/pusher/faros/pkg/controller/gittrackobject/gittrackobject_controller.go:53.62,55.2 1 1
github.com/pusher/faros/pkg/controller/gittrackobject/gittrackobject_controller.go:58.61,61.16 2 1
github.com/pusher/faros/pkg/controller/gittrackobject/gittrackobject_controller.go:66.2,67.16 2 1
github.com/pusher/faros/pkg/controller/gittrackobject/gittrackobject_controller.go:73.2,77.16 2 1
github.com/pusher/faros/pkg/controller/gittrackobject/gittrackobject_controller.go:81.2,81.12 1 1
github.com/pusher/faros/pkg/controller/gittrackobject/gittrackobject_controller.go:61.16,63.3 1 0
github.com/pusher/faros/pkg/controller/gittrackobject/gittrackobject_controller.go:67.16,69.3 1 0
github.com/pusher/faros/pkg/controller/gittrackobject/gittrackobject_controller.go:77.16,79.3 1 0
github.com/pusher/faros/pkg/controller/gittrackobject/gittrackobject_controller.go:99.98,103.16 3 1
github.com/pusher/faros/pkg/controller/gittrackobject/gittrackobject_controller.go:115.2,137.90 2 1
github.com/pusher/faros/pkg/controller/gittrackobject/gittrackobject_controller.go:143.2,145.42 3 1
github.com/pusher/faros/pkg/controller/gittrackobject/gittrackobject_controller.go:157.2,157.49 1 1
github.com/pusher/faros/pkg/controller/gittrackobject/gittrackobject_controller.go:165.2,165.32 1 0
github.com/pusher/faros/pkg/controller/gittrackobject/gittrackobject_controller.go:103.16,104.29 1 0
github.com/pusher/faros/pkg/controller/gittrackobject/gittrackobject_controller.go:110.3,110.33 1 0
github.com/pusher/faros/pkg/controller/gittrackobject/gittrackobject_controller.go:104.29,108.4 1 0
github.com/pusher/faros/pkg/controller/gittrackobject/gittrackobject_controller.go:137.90,139.3 1 0
github.com/pusher/faros/pkg/controller/gittrackobject/gittrackobject_controller.go:145.42,148.17 3 1
github.com/pusher/faros/pkg/controller/gittrackobject/gittrackobject_controller.go:148.17,150.4 1 0
github.com/pusher/faros/pkg/controller/gittrackobject/gittrackobject_controller.go:151.8,151.23 1 0
github.com/pusher/faros/pkg/controller/gittrackobject/gittrackobject_controller.go:151.23,153.3 1 0
github.com/pusher/faros/pkg/controller/gittrackobject/gittrackobject_controller.go:157.49,161.17 4 1
github.com/pusher/faros/pkg/controller/gittrackobject/gittrackobject_controller.go:161.17,163.4 1 1
